This file contains any messages produced by compilers while
running configure, to aid debugging if configure makes a mistake.

It was created by configure, which was
generated by GNU Autoconf 2.69.  Invocation command line was

  $ ./configure 

## --------- ##
## Platform. ##
## --------- ##

hostname = sgtn.local
uname -m = x86_64
uname -r = 13.3.0
uname -s = Darwin
uname -v = Darwin Kernel Version 13.3.0: Tue Jun  3 21:27:35 PDT 2014; root:xnu-2422.110.17~1/RELEASE_X86_64

/usr/bin/uname -p = i386
/bin/uname -X     = unknown

/bin/arch              = unknown
/usr/bin/arch -k       = unknown
/usr/convex/getsysinfo = unknown
/usr/bin/hostinfo      = Mach kernel version:
	 Darwin Kernel Version 13.3.0: Tue Jun  3 21:27:35 PDT 2014; root:xnu-2422.110.17~1/RELEASE_X86_64
Kernel configured for up to 4 processors.
2 processors are physically available.
4 processors are logically available.
Processor type: i486 (Intel 80486)
Processors active: 0 1 2 3
Primary memory available: 8.00 gigabytes
Default processor set: 212 tasks, 1199 threads, 4 processors
Load average: 1.54, Mach factor: 2.51
/bin/machine           = unknown
/usr/bin/oslevel       = unknown
/bin/universe          = unknown

PATH: /usr/local/heroku/bin
PATH: /Users/sgtn/.phpenv/shims
PATH: /Users/sgtn/.phpenv/bin
PATH: /Users/sgtn/.composer/vendor/bin/
PATH: /usr/local/bin
PATH: /usr/local/sbin
PATH: /usr/bin
PATH: /bin
PATH: /usr/sbin
PATH: /sbin
PATH: /opt/X11/bin
PATH: /Users/sgtn/.yadr/bin
PATH: /Users/sgtn/.yadr/bin/yadr


## ----------- ##
## Core tests. ##
## ----------- ##

configure:2299: checking for grep that handles long lines and -e
configure:2357: result: /usr/bin/grep
configure:2362: checking for egrep
configure:2424: result: /usr/bin/grep -E
configure:2429: checking for a sed that does not truncate output
configure:2483: result: /usr/bin/sed
configure:2615: checking for cc
configure:2631: found /usr/bin/cc
configure:2642: result: cc
configure:2673: checking for C compiler version
configure:2682: cc --version >&5
Apple LLVM version 6.0 (clang-600.0.56) (based on LLVM 3.5svn)
Target: x86_64-apple-darwin13.3.0
Thread model: posix
configure:2693: $? = 0
configure:2682: cc -v >&5
Apple LLVM version 6.0 (clang-600.0.56) (based on LLVM 3.5svn)
Target: x86_64-apple-darwin13.3.0
Thread model: posix
configure:2693: $? = 0
configure:2682: cc -V >&5
clang: error: argument to '-V' is missing (expected 1 value)
clang: error: no input files
configure:2693: $? = 1
configure:2682: cc -qversion >&5
clang: error: unknown argument: '-qversion'
clang: error: no input files
configure:2693: $? = 1
configure:2713: checking whether the C compiler works
configure:2735: cc    conftest.c  >&5
configure:2739: $? = 0
configure:2787: result: yes
configure:2790: checking for C compiler default output file name
configure:2792: result: a.out
configure:2798: checking for suffix of executables
configure:2805: cc -o conftest    conftest.c  >&5
configure:2809: $? = 0
configure:2831: result: 
configure:2853: checking whether we are cross compiling
configure:2861: cc -o conftest    conftest.c  >&5
configure:2865: $? = 0
configure:2872: ./conftest
configure:2876: $? = 0
configure:2891: result: no
configure:2896: checking for suffix of object files
configure:2918: cc -c   conftest.c >&5
configure:2922: $? = 0
configure:2943: result: o
configure:2947: checking whether we are using the GNU C compiler
configure:2966: cc -c   conftest.c >&5
configure:2966: $? = 0
configure:2975: result: yes
configure:2984: checking whether cc accepts -g
configure:3004: cc -c -g  conftest.c >&5
configure:3004: $? = 0
configure:3045: result: yes
configure:3062: checking for cc option to accept ISO C89
configure:3125: cc  -c -g -O2  conftest.c >&5
configure:3125: $? = 0
configure:3138: result: none needed
configure:3164: checking how to run the C preprocessor
configure:3195: cc -E  conftest.c
configure:3195: $? = 0
configure:3209: cc -E  conftest.c
conftest.c:9:10: fatal error: 'ac_nonexistent.h' file not found
#include <ac_nonexistent.h>
         ^
1 error generated.
configure:3209: $? = 1
configure: failed program was:
| /* confdefs.h */
| #define PACKAGE_NAME ""
| #define PACKAGE_TARNAME ""
| #define PACKAGE_VERSION ""
| #define PACKAGE_STRING ""
| #define PACKAGE_BUGREPORT ""
| #define PACKAGE_URL ""
| /* end confdefs.h.  */
| #include <ac_nonexistent.h>
configure:3234: result: cc -E
configure:3254: cc -E  conftest.c
configure:3254: $? = 0
configure:3268: cc -E  conftest.c
conftest.c:9:10: fatal error: 'ac_nonexistent.h' file not found
#include <ac_nonexistent.h>
         ^
1 error generated.
configure:3268: $? = 1
configure: failed program was:
| /* confdefs.h */
| #define PACKAGE_NAME ""
| #define PACKAGE_TARNAME ""
| #define PACKAGE_VERSION ""
| #define PACKAGE_STRING ""
| #define PACKAGE_BUGREPORT ""
| #define PACKAGE_URL ""
| /* end confdefs.h.  */
| #include <ac_nonexistent.h>
configure:3299: checking for icc
configure:3308: result: no
configure:3322: checking for suncc
configure:3331: result: no
configure:3349: checking whether cc understands -c and -o together
configure:3377: cc -c conftest.c -o conftest2.o >&5
configure:3381: $? = 0
configure:3387: cc -c conftest.c -o conftest2.o >&5
configure:3391: $? = 0
configure:3446: result: yes
configure:3460: checking for system library directory
configure:3475: result: lib
configure:3482: checking if compiler supports -R
configure:3501: cc -o conftest -g -O2   conftest.c -R /usr/lib  >&5
clang: warning: argument unused during compilation: '-R'
ld: can't map file, errno=22 file '/usr/lib' for architecture x86_64
clang: error: linker command failed with exit code 1 (use -v to see invocation)
configure:3501: $? = 1
configure: failed program was:
| /* confdefs.h */
| #define PACKAGE_NAME ""
| #define PACKAGE_TARNAME ""
| #define PACKAGE_VERSION ""
| #define PACKAGE_STRING ""
| #define PACKAGE_BUGREPORT ""
| #define PACKAGE_URL ""
| /* end confdefs.h.  */
| 
| int
| main ()
| {
| 
|   ;
|   return 0;
| }
configure:3511: result: no
configure:3516: checking if compiler supports -Wl,-rpath,
configure:3535: cc -o conftest -g -O2   conftest.c -Wl,-rpath,/usr/lib  >&5
configure:3535: $? = 0
configure:3545: result: yes
configure:3590: checking build system type
configure:3604: result: x86_64-apple-darwin13.3.0
configure:3624: checking host system type
configure:3637: result: x86_64-apple-darwin13.3.0
configure:3657: checking target system type
configure:3670: result: x86_64-apple-darwin13.3.0
configure:3773: checking for PHP prefix
configure:3775: result: /Users/sgtn/.phpenv/versions/5.6.9
configure:3777: checking for PHP includes
configure:3779: result: -I/Users/sgtn/.phpenv/versions/5.6.9/include/php -I/Users/sgtn/.phpenv/versions/5.6.9/include/php/main -I/Users/sgtn/.phpenv/versions/5.6.9/include/php/TSRM -I/Users/sgtn/.phpenv/versions/5.6.9/include/php/Zend -I/Users/sgtn/.phpenv/versions/5.6.9/include/php/ext -I/Users/sgtn/.phpenv/versions/5.6.9/include/php/ext/date/lib
configure:3781: checking for PHP extension directory
configure:3783: result: /Users/sgtn/.phpenv/versions/5.6.9/lib/php/extensions/no-debug-non-zts-20131226
configure:3785: checking for PHP installed headers prefix
configure:3787: result: /Users/sgtn/.phpenv/versions/5.6.9/include/php
configure:3790: checking if debug is enabled
configure:3816: result: no
configure:3819: checking if zts is enabled
configure:3845: result: no
configure:3916: checking for re2c
configure:3932: found /usr/local/bin/re2c
configure:3943: result: re2c
configure:3952: checking for re2c version
configure:3966: result: 0.14.2 (ok)
configure:3985: checking for gawk
configure:4016: result: no
configure:3985: checking for nawk
configure:4016: result: no
configure:3985: checking for awk
configure:4002: found /usr/bin/awk
configure:4013: result: awk
configure:4036: checking if awk is broken
configure:4043: result: no
configure:4056: checking whether to enable 0MQ support
configure:4096: result: yes, shared
configure:4105: checking whether to enable support for php threads extension
configure:4119: result: no
configure:4128: checking whether to enable CZMQ support
configure:4143: result: no
configure:4153: checking for pkg-config
configure:4171: found /usr/local/bin/pkg-config
configure:4184: result: /usr/local/bin/pkg-config
configure:4202: checking libzmq installation
configure:4223: result: found version 4.0.5, under /usr/local/Cellar/zeromq/4.0.5_2
configure:4516: checking for ANSI C header files
configure:4536: cc -c -g -O2  conftest.c >&5
configure:4536: $? = 0
configure:4609: cc -o conftest -g -O2   conftest.c  >&5
configure:4609: $? = 0
configure:4609: ./conftest
configure:4609: $? = 0
configure:4620: result: yes
configure:4633: checking for sys/types.h
configure:4633: cc -c -g -O2  conftest.c >&5
configure:4633: $? = 0
configure:4633: result: yes
configure:4633: checking for sys/stat.h
configure:4633: cc -c -g -O2  conftest.c >&5
configure:4633: $? = 0
configure:4633: result: yes
configure:4633: checking for stdlib.h
configure:4633: cc -c -g -O2  conftest.c >&5
configure:4633: $? = 0
configure:4633: result: yes
configure:4633: checking for string.h
configure:4633: cc -c -g -O2  conftest.c >&5
configure:4633: $? = 0
configure:4633: result: yes
configure:4633: checking for memory.h
configure:4633: cc -c -g -O2  conftest.c >&5
configure:4633: $? = 0
configure:4633: result: yes
configure:4633: checking for strings.h
configure:4633: cc -c -g -O2  conftest.c >&5
configure:4633: $? = 0
configure:4633: result: yes
configure:4633: checking for inttypes.h
configure:4633: cc -c -g -O2  conftest.c >&5
configure:4633: $? = 0
configure:4633: result: yes
configure:4633: checking for stdint.h
configure:4633: cc -c -g -O2  conftest.c >&5
configure:4633: $? = 0
configure:4633: result: yes
configure:4633: checking for unistd.h
configure:4633: cc -c -g -O2  conftest.c >&5
configure:4633: $? = 0
configure:4633: result: yes
configure:4647: checking for stdint.h
configure:4647: result: yes
configure:4670: checking time.h usability
configure:4670: cc -c -g -O2  conftest.c >&5
configure:4670: $? = 0
configure:4670: result: yes
configure:4670: checking time.h presence
configure:4670: cc -E  conftest.c
configure:4670: $? = 0
configure:4670: result: yes
configure:4670: checking for time.h
configure:4670: result: yes
configure:4670: checking sys/time.h usability
configure:4670: cc -c -g -O2  conftest.c >&5
configure:4670: $? = 0
configure:4670: result: yes
configure:4670: checking sys/time.h presence
configure:4670: cc -E  conftest.c
configure:4670: $? = 0
configure:4670: result: yes
configure:4670: checking for sys/time.h
configure:4670: result: yes
configure:4670: checking mach/mach_time.h usability
configure:4670: cc -c -g -O2  conftest.c >&5
configure:4670: $? = 0
configure:4670: result: yes
configure:4670: checking mach/mach_time.h presence
configure:4670: cc -E  conftest.c
configure:4670: $? = 0
configure:4670: result: yes
configure:4670: checking for mach/mach_time.h
configure:4670: result: yes
configure:4680: checking for library containing clock_gettime
configure:4711: cc -o conftest -g -O2   conftest.c  >&5
Undefined symbols for architecture x86_64:
  "_clock_gettime", referenced from:
      _main in conftest-3572bd.o
ld: symbol(s) not found for architecture x86_64
clang: error: linker command failed with exit code 1 (use -v to see invocation)
configure:4711: $? = 1
configure: failed program was:
| /* confdefs.h */
| #define PACKAGE_NAME ""
| #define PACKAGE_TARNAME ""
| #define PACKAGE_VERSION ""
| #define PACKAGE_STRING ""
| #define PACKAGE_BUGREPORT ""
| #define PACKAGE_URL ""
| #define STDC_HEADERS 1
| #define HAVE_SYS_TYPES_H 1
| #define HAVE_SYS_STAT_H 1
| #define HAVE_STDLIB_H 1
| #define HAVE_STRING_H 1
| #define HAVE_MEMORY_H 1
| #define HAVE_STRINGS_H 1
| #define HAVE_INTTYPES_H 1
| #define HAVE_STDINT_H 1
| #define HAVE_UNISTD_H 1
| #define HAVE_STDINT_H 1
| #define HAVE_TIME_H 1
| #define HAVE_SYS_TIME_H 1
| #define HAVE_MACH_MACH_TIME_H 1
| /* end confdefs.h.  */
| 
| /* Override any GCC internal prototype to avoid an error.
|    Use char because int might match the return type of a GCC
|    builtin and then its argument prototype would still apply.  */
| #ifdef __cplusplus
| extern "C"
| #endif
| char clock_gettime ();
| int
| main ()
| {
| return clock_gettime ();
|   ;
|   return 0;
| }
configure:4711: cc -o conftest -g -O2   conftest.c -lrt   >&5
ld: library not found for -lrt
clang: error: linker command failed with exit code 1 (use -v to see invocation)
configure:4711: $? = 1
configure: failed program was:
| /* confdefs.h */
| #define PACKAGE_NAME ""
| #define PACKAGE_TARNAME ""
| #define PACKAGE_VERSION ""
| #define PACKAGE_STRING ""
| #define PACKAGE_BUGREPORT ""
| #define PACKAGE_URL ""
| #define STDC_HEADERS 1
| #define HAVE_SYS_TYPES_H 1
| #define HAVE_SYS_STAT_H 1
| #define HAVE_STDLIB_H 1
| #define HAVE_STRING_H 1
| #define HAVE_MEMORY_H 1
| #define HAVE_STRINGS_H 1
| #define HAVE_INTTYPES_H 1
| #define HAVE_STDINT_H 1
| #define HAVE_UNISTD_H 1
| #define HAVE_STDINT_H 1
| #define HAVE_TIME_H 1
| #define HAVE_SYS_TIME_H 1
| #define HAVE_MACH_MACH_TIME_H 1
| /* end confdefs.h.  */
| 
| /* Override any GCC internal prototype to avoid an error.
|    Use char because int might match the return type of a GCC
|    builtin and then its argument prototype would still apply.  */
| #ifdef __cplusplus
| extern "C"
| #endif
| char clock_gettime ();
| int
| main ()
| {
| return clock_gettime ();
|   ;
|   return 0;
| }
configure:4728: result: no
configure:4739: checking for clock_gettime
configure:4739: cc -o conftest -g -O2   conftest.c  >&5
Undefined symbols for architecture x86_64:
  "_clock_gettime", referenced from:
      _main in conftest-89f7d3.o
ld: symbol(s) not found for architecture x86_64
clang: error: linker command failed with exit code 1 (use -v to see invocation)
configure:4739: $? = 1
configure: failed program was:
| /* confdefs.h */
| #define PACKAGE_NAME ""
| #define PACKAGE_TARNAME ""
| #define PACKAGE_VERSION ""
| #define PACKAGE_STRING ""
| #define PACKAGE_BUGREPORT ""
| #define PACKAGE_URL ""
| #define STDC_HEADERS 1
| #define HAVE_SYS_TYPES_H 1
| #define HAVE_SYS_STAT_H 1
| #define HAVE_STDLIB_H 1
| #define HAVE_STRING_H 1
| #define HAVE_MEMORY_H 1
| #define HAVE_STRINGS_H 1
| #define HAVE_INTTYPES_H 1
| #define HAVE_STDINT_H 1
| #define HAVE_UNISTD_H 1
| #define HAVE_STDINT_H 1
| #define HAVE_TIME_H 1
| #define HAVE_SYS_TIME_H 1
| #define HAVE_MACH_MACH_TIME_H 1
| /* end confdefs.h.  */
| /* Define clock_gettime to an innocuous variant, in case <limits.h> declares clock_gettime.
|    For example, HP-UX 11i <limits.h> declares gettimeofday.  */
| #define clock_gettime innocuous_clock_gettime
| 
| /* System header to define __stub macros and hopefully few prototypes,
|     which can conflict with char clock_gettime (); below.
|     Prefer <limits.h> to <assert.h> if __STDC__ is defined, since
|     <limits.h> exists even on freestanding compilers.  */
| 
| #ifdef __STDC__
| # include <limits.h>
| #else
| # include <assert.h>
| #endif
| 
| #undef clock_gettime
| 
| /* Override any GCC internal prototype to avoid an error.
|    Use char because int might match the return type of a GCC
|    builtin and then its argument prototype would still apply.  */
| #ifdef __cplusplus
| extern "C"
| #endif
| char clock_gettime ();
| /* The GNU C library defines this for functions which it implements
|     to always fail with ENOSYS.  Some functions are actually named
|     something starting with __ and the normal name is an alias.  */
| #if defined __stub_clock_gettime || defined __stub___clock_gettime
| choke me
| #endif
| 
| int
| main ()
| {
| return clock_gettime ();
|   ;
|   return 0;
| }
configure:4739: result: no
configure:4739: checking for gettimeofday
configure:4739: cc -o conftest -g -O2   conftest.c  >&5
configure:4739: $? = 0
configure:4739: result: yes
configure:4739: checking for mach_absolute_time
configure:4739: cc -o conftest -g -O2   conftest.c  >&5
configure:4739: $? = 0
configure:4739: result: yes
configure:5141: checking for ld used by cc
configure:5208: result: /Applications/Xcode.app/Contents/Developer/Toolchains/XcodeDefault.xctoolchain/usr/bin/ld
configure:5215: checking if the linker (/Applications/Xcode.app/Contents/Developer/Toolchains/XcodeDefault.xctoolchain/usr/bin/ld) is GNU ld
configure:5230: result: no
configure:5235: checking for /Applications/Xcode.app/Contents/Developer/Toolchains/XcodeDefault.xctoolchain/usr/bin/ld option to reload object files
configure:5242: result: -r
configure:5260: checking for BSD-compatible nm
configure:5309: result: /usr/bin/nm
configure:5313: checking whether ln -s works
configure:5317: result: yes
configure:5324: checking how to recognize dependent libraries
configure:5510: result: pass_all
configure:5730: checking dlfcn.h usability
configure:5730: cc -c -g -O2  conftest.c >&5
configure:5730: $? = 0
configure:5730: result: yes
configure:5730: checking dlfcn.h presence
configure:5730: cc -E  conftest.c
configure:5730: $? = 0
configure:5730: result: yes
configure:5730: checking for dlfcn.h
configure:5730: result: yes
configure:5752: checking the maximum length of command line arguments
configure:5864: result: 196608
configure:5876: checking command to parse /usr/bin/nm output from cc object
configure:5981: cc -c -g -O2  conftest.c >&5
configure:5984: $? = 0
configure:5988: /usr/bin/nm conftest.o \| sed -n -e 's/^.*[ 	]\([BCDEGRST][BCDEGRST]*\)[ 	][ 	]*\([_A-Za-z][_A-Za-z0-9]*\)$/\1 \2 \2/p' \> conftest.nm
configure:5991: $? = 0
cannot find nm_test_var in conftest.nm
configure:5981: cc -c -g -O2  conftest.c >&5
configure:5984: $? = 0
configure:5988: /usr/bin/nm conftest.o \| sed -n -e 's/^.*[ 	]\([BCDEGRST][BCDEGRST]*\)[ 	][ 	]*_\([_A-Za-z][_A-Za-z0-9]*\)$/\1 _\2 \2/p' \> conftest.nm
configure:5991: $? = 0
configure:6043: cc -o conftest -g -O2   conftest.c conftstm.o >&5
configure:6046: $? = 0
configure:6084: result: ok
configure:6088: checking for objdir
configure:6103: result: .libs
configure:6195: checking for ar
configure:6211: found /usr/bin/ar
configure:6222: result: ar
configure:6287: checking for ranlib
configure:6303: found /usr/bin/ranlib
configure:6314: result: ranlib
configure:6379: checking for strip
configure:6395: found /usr/bin/strip
configure:6406: result: strip
configure:6659: checking for dsymutil
configure:6675: found /usr/bin/dsymutil
configure:6686: result: dsymutil
configure:6751: checking for nmedit
configure:6767: found /usr/bin/nmedit
configure:6778: result: nmedit
configure:6801: checking for -single_module linker flag
configure:6822: result: yes
configure:6824: checking for -exported_symbols_list linker flag
configure:6840: cc -o conftest -g -O2   -Wl,-exported_symbols_list,conftest.sym conftest.c  >&5
configure:6843: $? = 0
configure:6857: result: yes
configure:6975: checking if cc supports -fno-rtti -fno-exceptions
configure:6993: cc -c -g -O2  -fno-rtti -fno-exceptions conftest.c >&5
configure:6997: $? = 0
configure:7010: result: yes
configure:7025: checking for cc option to produce PIC
configure:7265: result: -fno-common
configure:7273: checking if cc PIC flag -fno-common works
configure:7291: cc -c -g -O2  -fno-common -DPIC conftest.c >&5
configure:7295: $? = 0
configure:7308: result: yes
configure:7336: checking if cc static flag -static works
configure:7364: result: no
configure:7374: checking if cc supports -c -o file.o
configure:7395: cc -c -g -O2  -o out/conftest2.o conftest.c >&5
configure:7399: $? = 0
configure:7421: result: yes
configure:7447: checking whether the cc linker (/Applications/Xcode.app/Contents/Developer/Toolchains/XcodeDefault.xctoolchain/usr/bin/ld) supports shared libraries
configure:8375: result: yes
configure:8442: checking dynamic linker characteristics
configure:9040: result: darwin13.3.0 dyld
configure:9064: checking how to hardcode library paths into programs
configure:9089: result: immediate
configure:9103: checking whether stripping libraries is possible
configure:9117: result: yes
configure:9625: checking if libtool supports shared libraries
configure:9627: result: yes
configure:9630: checking whether to build shared libraries
configure:9651: result: yes
configure:9654: checking whether to build static libraries
configure:9658: result: no
configure:9753: result:
creating libtool
configure:13452: creating ./config.status

## ---------------------- ##
## Running config.status. ##
## ---------------------- ##

This file was extended by config.status, which was
generated by GNU Autoconf 2.69.  Invocation command line was

  CONFIG_FILES    = 
  CONFIG_HEADERS  = 
  CONFIG_LINKS    = 
  CONFIG_COMMANDS = 
  $ ./config.status 

on sgtn.local

config.status:682: creating config.h

## ---------------- ##
## Cache variables. ##
## ---------------- ##

ac_cv_build=x86_64-apple-darwin13.3.0
ac_cv_c_compiler_gnu=yes
ac_cv_env_CC_set=
ac_cv_env_CC_value=
ac_cv_env_CFLAGS_set=
ac_cv_env_CFLAGS_value=
ac_cv_env_CPPFLAGS_set=
ac_cv_env_CPPFLAGS_value=
ac_cv_env_CPP_set=
ac_cv_env_CPP_value=
ac_cv_env_LDFLAGS_set=
ac_cv_env_LDFLAGS_value=
ac_cv_env_LIBS_set=
ac_cv_env_LIBS_value=
ac_cv_env_build_alias_set=
ac_cv_env_build_alias_value=
ac_cv_env_host_alias_set=
ac_cv_env_host_alias_value=
ac_cv_env_target_alias_set=
ac_cv_env_target_alias_value=
ac_cv_func_clock_gettime=no
ac_cv_func_gettimeofday=yes
ac_cv_func_mach_absolute_time=yes
ac_cv_header_dlfcn_h=yes
ac_cv_header_inttypes_h=yes
ac_cv_header_mach_mach_time_h=yes
ac_cv_header_memory_h=yes
ac_cv_header_stdc=yes
ac_cv_header_stdint_h=yes
ac_cv_header_stdlib_h=yes
ac_cv_header_string_h=yes
ac_cv_header_strings_h=yes
ac_cv_header_sys_stat_h=yes
ac_cv_header_sys_time_h=yes
ac_cv_header_sys_types_h=yes
ac_cv_header_time_h=yes
ac_cv_header_unistd_h=yes
ac_cv_host=x86_64-apple-darwin13.3.0
ac_cv_objext=o
ac_cv_path_EGREP='/usr/bin/grep -E'
ac_cv_path_GREP=/usr/bin/grep
ac_cv_path_PKG_CONFIG=/usr/local/bin/pkg-config
ac_cv_prog_AWK=awk
ac_cv_prog_CPP='cc -E'
ac_cv_prog_RE2C=re2c
ac_cv_prog_ac_ct_AR=ar
ac_cv_prog_ac_ct_CC=cc
ac_cv_prog_ac_ct_DSYMUTIL=dsymutil
ac_cv_prog_ac_ct_NMEDIT=nmedit
ac_cv_prog_ac_ct_RANLIB=ranlib
ac_cv_prog_ac_ct_STRIP=strip
ac_cv_prog_cc_c89=
ac_cv_prog_cc_cc_c_o=yes
ac_cv_prog_cc_g=yes
ac_cv_search_clock_gettime=no
ac_cv_target=x86_64-apple-darwin13.3.0
lt_cv_apple_cc_single_mod=yes
lt_cv_deplibs_check_method=pass_all
lt_cv_file_magic_cmd='$MAGIC_CMD'
lt_cv_file_magic_test_file=
lt_cv_ld_exported_symbols_list=yes
lt_cv_ld_reload_flag=-r
lt_cv_objdir=.libs
lt_cv_path_LD=/Applications/Xcode.app/Contents/Developer/Toolchains/XcodeDefault.xctoolchain/usr/bin/ld
lt_cv_path_NM=/usr/bin/nm
lt_cv_path_SED=/usr/bin/sed
lt_cv_prog_compiler_c_o=yes
lt_cv_prog_compiler_pic_works=yes
lt_cv_prog_compiler_rtti_exceptions=yes
lt_cv_prog_compiler_static_works=no
lt_cv_prog_gnu_ld=no
lt_cv_sys_global_symbol_pipe='sed -n -e '\''s/^.*[ 	]\([BCDEGRST][BCDEGRST]*\)[ 	][ 	]*_\([_A-Za-z][_A-Za-z0-9]*\)$/\1 _\2 \2/p'\'''
lt_cv_sys_global_symbol_to_c_name_address='sed -n -e '\''s/^: \([^ ]*\) $/  {\"\1\", (lt_ptr) 0},/p'\'' -e '\''s/^[BCDEGRST] \([^ ]*\) \([^ ]*\)$/  {"\2", (lt_ptr) \&\2},/p'\'''
lt_cv_sys_global_symbol_to_cdecl='sed -n -e '\''s/^. .* \(.*\)$/extern int \1;/p'\'''
lt_cv_sys_lib_dlsearch_path_spec='/usr/local/lib /lib /usr/lib'
lt_cv_sys_lib_search_path_spec='/Applications/Xcode.app/Contents/Developer/Toolchains/XcodeDefault.xctoolchain/usr/lib/clang/6.0 /usr/local/lib'
lt_cv_sys_max_cmd_len=196608
lt_lt_cv_prog_compiler_c_o='"yes"'
lt_lt_cv_sys_global_symbol_pipe='"sed -n -e '\''s/^.*[ 	]\\([BCDEGRST][BCDEGRST]*\\)[ 	][ 	]*_\\([_A-Za-z][_A-Za-z0-9]*\\)\$/\\1 _\\2 \\2/p'\''"'
lt_lt_cv_sys_global_symbol_to_c_name_address='"sed -n -e '\''s/^: \\([^ ]*\\) \$/  {\\\"\\1\\\", (lt_ptr) 0},/p'\'' -e '\''s/^[BCDEGRST] \\([^ ]*\\) \\([^ ]*\\)\$/  {\"\\2\", (lt_ptr) \\&\\2},/p'\''"'
lt_lt_cv_sys_global_symbol_to_cdecl='"sed -n -e '\''s/^. .* \\(.*\\)\$/extern int \\1;/p'\''"'
php_cv_cc_dashr=no
php_cv_cc_rpath=yes
php_cv_re2c_version='0.14.2 (ok)'

## ----------------- ##
## Output variables. ##
## ----------------- ##

AR='ar'
AWK='awk'
CC='cc'
CFLAGS='-g -O2'
CONFIGURE_COMMAND=' '\''./configure'\'' '
CONFIGURE_OPTIONS=''
CPP='cc -E'
CPPFLAGS=' -DHAVE_CONFIG_H'
DEFS='-DHAVE_CONFIG_H'
DSYMUTIL='dsymutil'
ECHO='/bin/echo'
ECHO_C='\c'
ECHO_N=''
ECHO_T=''
EGREP='/usr/bin/grep -E'
EXEEXT=''
GREP='/usr/bin/grep'
LDFLAGS=''
LIBOBJS=''
LIBS=''
LIBTOOL='$(SHELL) $(top_builddir)/libtool'
LN_S='ln -s'
LTLIBOBJS=''
NMEDIT='nmedit'
OBJEXT='o'
PACKAGE_BUGREPORT=''
PACKAGE_NAME=''
PACKAGE_STRING=''
PACKAGE_TARNAME=''
PACKAGE_URL=''
PACKAGE_VERSION=''
PATH_SEPARATOR=':'
PKG_CONFIG='/usr/local/bin/pkg-config'
RANLIB='ranlib'
RE2C='re2c'
SED='/usr/bin/sed'
SHELL='/bin/sh'
SHLIB_DL_SUFFIX_NAME='so'
SHLIB_SUFFIX_NAME='dylib'
STRIP='strip'
ac_ct_CC='cc'
bindir='${exec_prefix}/bin'
build='x86_64-apple-darwin13.3.0'
build_alias=''
build_cpu='x86_64'
build_os='darwin13.3.0'
build_vendor='apple'
datadir='${datarootdir}'
datarootdir='${prefix}/share'
docdir='${datarootdir}/doc/${PACKAGE}'
dvidir='${docdir}'
exec_prefix='$(prefix)'
host='x86_64-apple-darwin13.3.0'
host_alias='x86_64-apple-darwin13.3.0'
host_cpu='x86_64'
host_os='darwin13.3.0'
host_vendor='apple'
htmldir='${docdir}'
includedir='${prefix}/include'
infodir='${datarootdir}/info'
libdir='${exec_prefix}/lib'
libexecdir='${exec_prefix}/libexec'
localedir='${datarootdir}/locale'
localstatedir='${prefix}/var'
mandir='${datarootdir}/man'
oldincludedir='/usr/include'
pdfdir='${docdir}'
prefix='/Users/sgtn/.phpenv/versions/5.6.9'
program_transform_name='s,x,x,'
psdir='${docdir}'
sbindir='${exec_prefix}/sbin'
sharedstatedir='${prefix}/com'
sysconfdir='${prefix}/etc'
target='x86_64-apple-darwin13.3.0'
target_alias=''
target_cpu='x86_64'
target_os='darwin13.3.0'
target_vendor='apple'

## ----------- ##
## confdefs.h. ##
## ----------- ##

/* confdefs.h */
#define PACKAGE_NAME ""
#define PACKAGE_TARNAME ""
#define PACKAGE_VERSION ""
#define PACKAGE_STRING ""
#define PACKAGE_BUGREPORT ""
#define PACKAGE_URL ""
#define STDC_HEADERS 1
#define HAVE_SYS_TYPES_H 1
#define HAVE_SYS_STAT_H 1
#define HAVE_STDLIB_H 1
#define HAVE_STRING_H 1
#define HAVE_MEMORY_H 1
#define HAVE_STRINGS_H 1
#define HAVE_INTTYPES_H 1
#define HAVE_STDINT_H 1
#define HAVE_UNISTD_H 1
#define HAVE_STDINT_H 1
#define HAVE_TIME_H 1
#define HAVE_SYS_TIME_H 1
#define HAVE_MACH_MACH_TIME_H 1
#define HAVE_GETTIMEOFDAY 1
#define HAVE_MACH_ABSOLUTE_TIME 1
#define COMPILE_DL_ZMQ 1
#define HAVE_DLFCN_H 1

configure: exit 0
